Removed Pin From Net: NetName=12V Pin=C20-    
Removed Pin From Net: NetName=SW5PD Pin=R32-1
Removed Pin From Net: NetName=SW5 Pin=R32-2
Removed Pin From Net: NetName=SW6PD Pin=R33-1
Removed Pin From Net: NetName=SW6 Pin=R33-2
Removed Pin From Net: NetName=SW1 Pin=R34-1
Removed Pin From Net: NetName=SW1PD Pin=R34-2
Removed Pin From Net: NetName=SW2 Pin=R35-1
Removed Pin From Net: NetName=SW2PD Pin=R35-2
Removed Pin From Net: NetName=SW3 Pin=R36-1
Removed Pin From Net: NetName=SW3PD Pin=R36-2
Removed Pin From Net: NetName=SW4 Pin=R37-1
Removed Pin From Net: NetName=SW4PD Pin=R37-2
Removed Pin From Net: NetName=SW7PD Pin=R38-1
Removed Pin From Net: NetName=SW7 Pin=R38-2
Removed Pin From Net: NetName=SW8PD Pin=R39-1
Removed Pin From Net: NetName=SW8 Pin=R39-2
Removed Pin From Net: NetName=SW7PD Pin=U8-2
Removed Pin From Net: NetName=SW7 Pin=U8-3
Removed Pin From Net: NetName=SW5PD Pin=U8-13
Removed Pin From Net: NetName=SW5 Pin=U8-14
Removed Pin From Net: NetName=SW6PD Pin=U8-15
Removed Pin From Net: NetName=SW6 Pin=U8-16
Removed Pin From Net: NetName=SW2PD Pin=U8-21
Removed Pin From Net: NetName=SW2 Pin=U8-22
Removed Pin From Net: NetName=SW3PD Pin=U8-25
Removed Pin From Net: NetName=SW3 Pin=U8-26
Removed Pin From Net: NetName=SW4PD Pin=U8-27
Removed Pin From Net: NetName=SW4 Pin=U8-28
Removed Pin From Net: NetName=SW8PD Pin=U8-35
Removed Pin From Net: NetName=SW8 Pin=U8-36
Removed Pin From Net: NetName=SW1PD Pin=U8-45
Removed Pin From Net: NetName=SW1 Pin=U8-46
Add Pin To Net: Unknown Pin: Pin C20-2
Added Pin To Net: NetName=SW1PD Pin=R32-1
Added Pin To Net: NetName=SW1 Pin=R32-2
Added Pin To Net: NetName=SW2PD Pin=R33-1
Added Pin To Net: NetName=SW2 Pin=R33-2
Added Pin To Net: NetName=SW7 Pin=R34-1
Added Pin To Net: NetName=SW7PD Pin=R34-2
Added Pin To Net: NetName=SW3 Pin=R35-1
Added Pin To Net: NetName=SW3PD Pin=R35-2
Added Pin To Net: NetName=SW4 Pin=R36-1
Added Pin To Net: NetName=SW4PD Pin=R36-2
Added Pin To Net: NetName=SW5 Pin=R37-1
Added Pin To Net: NetName=SW5PD Pin=R37-2
Added Pin To Net: NetName=SW8PD Pin=R38-1
Added Pin To Net: NetName=SW8 Pin=R38-2
Added Pin To Net: NetName=SW6PD Pin=R39-1
Added Pin To Net: NetName=SW6 Pin=R39-2
Added Pin To Net: NetName=SW8PD Pin=U8-2
Added Pin To Net: NetName=SW8 Pin=U8-3
Added Pin To Net: NetName=SW1PD Pin=U8-13
Added Pin To Net: NetName=SW1 Pin=U8-14
Added Pin To Net: NetName=SW2PD Pin=U8-15
Added Pin To Net: NetName=SW2 Pin=U8-16
Added Pin To Net: NetName=SW3PD Pin=U8-21
Added Pin To Net: NetName=SW3 Pin=U8-22
Added Pin To Net: NetName=SW4PD Pin=U8-25
Added Pin To Net: NetName=SW4 Pin=U8-26
Added Pin To Net: NetName=SW5PD Pin=U8-27
Added Pin To Net: NetName=SW5 Pin=U8-28
Added Pin To Net: NetName=SW6PD Pin=U8-35
Added Pin To Net: NetName=SW6 Pin=U8-36
Added Pin To Net: NetName=SW7PD Pin=U8-45
Added Pin To Net: NetName=SW7 Pin=U8-46
